<?xml version="1.0" encoding="UTF-8"?>
<testng-results ignored="0" total="1" passed="1" failed="0" skipped="0">
  <reporter-output>
    <line>
      <![CDATA[Before Suite]]>
    </line>
    <line>
      <![CDATA[Preconditions]]>
    </line>
    <line>
      <![CDATA[Post Conditions]]>
    </line>
    <line>
      <![CDATA[After SUite]]>
    </line>
  </reporter-output>
  <suite started-at="2025-09-05T20:43:43 IST" name="Default suite" finished-at="2025-09-05T20:43:51 IST" duration-ms="8027">
    <groups>
      <group name="Smoke">
        <method signature="CreateCampaignUsingStatusTest.createCampaignUsingStatus()[pri:0, instance:DataDrivenTesting.CreateCampaignUsingStatusTest@3b0090a4]" name="createCampaignUsingStatus" class="DataDrivenTesting.CreateCampaignUsingStatusTest"/>
      </group> <!-- Smoke -->
    </groups>
    <test started-at="2025-09-05T20:43:43 IST" name="Default test" finished-at="2025-09-05T20:43:51 IST" duration-ms="8027">
      <class name="DataDrivenTesting.CreateCampaignUsingStatusTest">
        <test-method is-config="true" signature="beforeSuite()[pri:0, instance:DataDrivenTesting.CreateCampaignUsingStatusTest@3b0090a4]" started-at="2025-09-05T20:43:43 IST" name="beforeSuite" finished-at="2025-09-05T20:43:43 IST" duration-ms="15" status="PASS">
          <reporter-output>
            <line>
              <![CDATA[Before Suite]]>
            </line>
          </reporter-output>
        </test-method> <!-- beforeSuite -->
        <test-method is-config="true" signature="beforeTest()[pri:0, instance:DataDrivenTesting.CreateCampaignUsingStatusTest@3b0090a4]" started-at="2025-09-05T20:43:43 IST" name="beforeTest" finished-at="2025-09-05T20:43:43 IST" duration-ms="0" status="PASS">
          <reporter-output>
            <line>
              <![CDATA[Preconditions]]>
            </line>
          </reporter-output>
        </test-method> <!-- beforeTest -->
        <test-method is-config="true" signature="beforeClass()[pri:0, instance:DataDrivenTesting.CreateCampaignUsingStatusTest@3b0090a4]" started-at="2025-09-05T20:43:43 IST" name="beforeClass" finished-at="2025-09-05T20:43:46 IST" duration-ms="2653" status="PASS">
          <reporter-output>
          </reporter-output>
        </test-method> <!-- beforeClass -->
        <test-method is-config="true" signature="beforeMethod()[pri:0, instance:DataDrivenTesting.CreateCampaignUsingStatusTest@3b0090a4]" started-at="2025-09-05T20:43:46 IST" name="beforeMethod" finished-at="2025-09-05T20:43:47 IST" duration-ms="1432" status="PASS">
          <reporter-output>
          </reporter-output>
        </test-method> <!-- beforeMethod -->
        <test-method signature="createCampaignUsingStatus()[pri:0, instance:DataDrivenTesting.CreateCampaignUsingStatusTest@3b0090a4]" started-at="2025-09-05T20:43:47 IST" name="createCampaignUsingStatus" finished-at="2025-09-05T20:43:49 IST" duration-ms="2182" status="PASS">
          <reporter-output>
          </reporter-output>
        </test-method> <!-- createCampaignUsingStatus -->
        <test-method is-config="true" signature="afterMethod()[pri:0, instance:DataDrivenTesting.CreateCampaignUsingStatusTest@3b0090a4]" started-at="2025-09-05T20:43:49 IST" name="afterMethod" finished-at="2025-09-05T20:43:50 IST" duration-ms="1174" status="PASS">
          <reporter-output>
          </reporter-output>
        </test-method> <!-- afterMethod -->
        <test-method is-config="true" signature="afterClass()[pri:0, instance:DataDrivenTesting.CreateCampaignUsingStatusTest@3b0090a4]" started-at="2025-09-05T20:43:50 IST" name="afterClass" finished-at="2025-09-05T20:43:51 IST" duration-ms="502" status="PASS">
          <reporter-output>
          </reporter-output>
        </test-method> <!-- afterClass -->
        <test-method is-config="true" signature="afterTest()[pri:0, instance:DataDrivenTesting.CreateCampaignUsingStatusTest@3b0090a4]" started-at="2025-09-05T20:43:51 IST" name="afterTest" finished-at="2025-09-05T20:43:51 IST" duration-ms="1" status="PASS">
          <reporter-output>
            <line>
              <![CDATA[Post Conditions]]>
            </line>
          </reporter-output>
        </test-method> <!-- afterTest -->
        <test-method is-config="true" signature="afterSuite()[pri:0, instance:DataDrivenTesting.CreateCampaignUsingStatusTest@3b0090a4]" started-at="2025-09-05T20:43:51 IST" name="afterSuite" finished-at="2025-09-05T20:43:51 IST" duration-ms="0" status="PASS">
          <reporter-output>
            <line>
              <![CDATA[After SUite]]>
            </line>
          </reporter-output>
        </test-method> <!-- afterSuite -->
      </class> <!-- DataDrivenTesting.CreateCampaignUsingStatusTest -->
    </test> <!-- Default test -->
  </suite> <!-- Default suite -->
</testng-results>
