<?xml version="1.0" encoding="UTF-8"?>
<testng-results ignored="0" total="1" passed="1" failed="0" skipped="0">
  <reporter-output>
    <line>
      <![CDATA[Reporter Configuration]]>
    </line>
    <line>
      <![CDATA[Before Suite]]>
    </line>
    <line>
      <![CDATA[Preconditions]]>
    </line>
    <line>
      <![CDATA[====createCampaignExecution success====]]>
    </line>
    <line>
      <![CDATA[Post Conditions]]>
    </line>
    <line>
      <![CDATA[After SUite]]>
    </line>
  </reporter-output>
  <suite started-at="2025-09-05T19:55:08 IST" name="Default suite" finished-at="2025-09-05T19:55:17 IST" duration-ms="8639">
    <groups>
      <group name="Regression">
        <method signature="CreateCampaignUsingMandatoryTest.createCampaign()[pri:0, instance:DataDrivenTesting.CreateCampaignUsingMandatoryTest@6150c3ec]" name="createCampaign" class="DataDrivenTesting.CreateCampaignUsingMandatoryTest"/>
      </group> <!-- Regression -->
    </groups>
    <test started-at="2025-09-05T19:55:08 IST" name="Default test" finished-at="2025-09-05T19:55:17 IST" duration-ms="8639">
      <class name="DataDrivenTesting.CreateCampaignUsingMandatoryTest">
        <test-method is-config="true" signature="beforeSuite()[pri:0, instance:DataDrivenTesting.CreateCampaignUsingMandatoryTest@6150c3ec]" started-at="2025-09-05T19:55:08 IST" name="beforeSuite" finished-at="2025-09-05T19:55:08 IST" duration-ms="11" status="PASS">
          <reporter-output>
            <line>
              <![CDATA[Before Suite]]>
            </line>
          </reporter-output>
        </test-method> <!-- beforeSuite -->
        <test-method is-config="true" signature="beforeTest()[pri:0, instance:DataDrivenTesting.CreateCampaignUsingMandatoryTest@6150c3ec]" started-at="2025-09-05T19:55:08 IST" name="beforeTest" finished-at="2025-09-05T19:55:08 IST" duration-ms="1" status="PASS">
          <reporter-output>
            <line>
              <![CDATA[Preconditions]]>
            </line>
          </reporter-output>
        </test-method> <!-- beforeTest -->
        <test-method is-config="true" signature="beforeClass()[pri:0, instance:DataDrivenTesting.CreateCampaignUsingMandatoryTest@6150c3ec]" started-at="2025-09-05T19:55:08 IST" name="beforeClass" finished-at="2025-09-05T19:55:12 IST" duration-ms="3435" status="PASS">
          <reporter-output>
          </reporter-output>
        </test-method> <!-- beforeClass -->
        <test-method is-config="true" signature="beforeMethod()[pri:0, instance:DataDrivenTesting.CreateCampaignUsingMandatoryTest@6150c3ec]" started-at="2025-09-05T19:55:12 IST" name="beforeMethod" finished-at="2025-09-05T19:55:13 IST" duration-ms="1579" status="PASS">
          <reporter-output>
          </reporter-output>
        </test-method> <!-- beforeMethod -->
        <test-method signature="createCampaign()[pri:0, instance:DataDrivenTesting.CreateCampaignUsingMandatoryTest@6150c3ec]" started-at="2025-09-05T19:55:13 IST" name="createCampaign" finished-at="2025-09-05T19:55:16 IST" duration-ms="2411" status="PASS">
          <reporter-output>
            <line>
              <![CDATA[====createCampaignExecution success====]]>
            </line>
          </reporter-output>
        </test-method> <!-- createCampaign -->
        <test-method is-config="true" signature="afterMethod()[pri:0, instance:DataDrivenTesting.CreateCampaignUsingMandatoryTest@6150c3ec]" started-at="2025-09-05T19:55:16 IST" name="afterMethod" finished-at="2025-09-05T19:55:17 IST" duration-ms="847" status="PASS">
          <reporter-output>
          </reporter-output>
        </test-method> <!-- afterMethod -->
        <test-method is-config="true" signature="afterClass()[pri:0, instance:DataDrivenTesting.CreateCampaignUsingMandatoryTest@6150c3ec]" started-at="2025-09-05T19:55:17 IST" name="afterClass" finished-at="2025-09-05T19:55:17 IST" duration-ms="309" status="PASS">
          <reporter-output>
          </reporter-output>
        </test-method> <!-- afterClass -->
        <test-method is-config="true" signature="afterTest()[pri:0, instance:DataDrivenTesting.CreateCampaignUsingMandatoryTest@6150c3ec]" started-at="2025-09-05T19:55:17 IST" name="afterTest" finished-at="2025-09-05T19:55:17 IST" duration-ms="1" status="PASS">
          <reporter-output>
            <line>
              <![CDATA[Post Conditions]]>
            </line>
          </reporter-output>
        </test-method> <!-- afterTest -->
        <test-method is-config="true" signature="afterSuite()[pri:0, instance:DataDrivenTesting.CreateCampaignUsingMandatoryTest@6150c3ec]" started-at="2025-09-05T19:55:17 IST" name="afterSuite" finished-at="2025-09-05T19:55:17 IST" duration-ms="0" status="PASS">
          <reporter-output>
            <line>
              <![CDATA[After SUite]]>
            </line>
          </reporter-output>
        </test-method> <!-- afterSuite -->
      </class> <!-- DataDrivenTesting.CreateCampaignUsingMandatoryTest -->
    </test> <!-- Default test -->
  </suite> <!-- Default suite -->
</testng-results>
